Using pre-set license
Built from '2020.3/staging' branch; Version is '2020.3.17f1 (a4537701e4ab) revision 10769271'; Using compiler version '192528614'; Build Type 'Release'
OS: 'Windows 10 Home China; OS build 19042.1288; Version 2009; 64bit' Language: 'zh' Physical Memory: 16250 MB
BatchMode: 1, IsHumanControllingUs: 0, StartBugReporterOnCrash: 0, Is64bit: 1, IsPro: 0

COMMAND LINE ARGUMENTS:
E:\unity\2020.3.17f1\Editor\Unity.exe
-adb2
-batchMode
-noUpm
-name
AssetImportWorker0
-projectPath
E:/2DAnimation/Final/2DFinal/New Unity Project (1)
-logFile
Logs/AssetImportWorker0.log
-srvPort
62045
Successfully changed project path to: E:/2DAnimation/Final/2DFinal/New Unity Project (1)
E:/2DAnimation/Final/2DFinal/New Unity Project (1)
Using Asset Import Pipeline V2.
Refreshing native plugins compatible for Editor in 47.97 ms, found 3 plugins.
Preloading 0 native plugins for Editor in 0.00 ms.
Initialize engine version: 2020.3.17f1 (a4537701e4ab)
[Subsystems] Discovering subsystems at path E:/unity/2020.3.17f1/Editor/Data/Resources/UnitySubsystems
[Subsystems] Discovering subsystems at path E:/2DAnimation/Final/2DFinal/New Unity Project (1)/Assets
GfxDevice: creating device client; threaded=0
Direct3D:
    Version:  Direct3D 11.0 [level 11.1]
    Renderer: NVIDIA GeForce RTX 2060 (ID=0x1f15)
    Vendor:   
    VRAM:     5980 MB
    Driver:   27.21.14.5749
Initialize mono
Mono path[0] = 'E:/unity/2020.3.17f1/Editor/Data/Managed'
Mono path[1] = 'E:/unity/2020.3.17f1/Editor/Data/MonoBleedingEdge/lib/mono/unityjit'
Mono config path = 'E:/unity/2020.3.17f1/Editor/Data/MonoBleedingEdge/etc'
Using monoOptions --debugger-agent=transport=dt_socket,embedding=1,server=y,suspend=n,address=127.0.0.1:56672
Begin MonoManager ReloadAssembly
Registering precompiled unity dll's ...
Register platform support module: E:/unity/2020.3.17f1/Editor/Data/PlaybackEngines/WebGLSupport/UnityEditor.WebGL.Extensions.dll
Register platform support module: E:/unity/2020.3.17f1/Editor/Data/PlaybackEngines/MacStandaloneSupport/UnityEditor.OSXStandalone.Extensions.dll
Register platform support module: E:/unity/2020.3.17f1/Editor/Data/PlaybackEngines/WindowsStandaloneSupport/UnityEditor.WindowsStandalone.Extensions.dll
Registered in 0.001724 seconds.
Native extension for WindowsStandalone target not found
Native extension for OSXStandalone target not found
Native extension for WebGL target not found
Refreshing native plugins compatible for Editor in 43.40 ms, found 3 plugins.
Preloading 0 native plugins for Editor in 0.00 ms.
Mono: successfully reloaded assembly
- Completed reload, in  1.504 seconds
Domain Reload Profiling:
	ReloadAssembly (1504ms)
		BeginReloadAssembly (76ms)
			ExecutionOrderSort (0ms)
			DisableScriptedObjects (0ms)
			BackupInstance (0ms)
			ReleaseScriptingObjects (0ms)
			CreateAndSetChildDomain (1ms)
		EndReloadAssembly (417ms)
			LoadAssemblies (76ms)
			RebuildTransferFunctionScriptingTraits (0ms)
			SetupTypeCache (155ms)
			ReleaseScriptCaches (0ms)
			RebuildScriptCaches (32ms)
			SetupLoadedEditorAssemblies (169ms)
				LogAssemblyErrors (0ms)
				InitializePlatformSupportModulesInManaged (6ms)
				SetLoadedEditorAssemblies (0ms)
				RefreshPlugins (43ms)
				BeforeProcessingInitializeOnLoad (8ms)
				ProcessInitializeOnLoadAttributes (82ms)
				ProcessInitializeOnLoadMethodAttributes (29ms)
				AfterProcessingInitializeOnLoad (0ms)
				EditorAssembliesLoaded (0ms)
			ExecutionOrderSort2 (0ms)
			AwakeInstancesAfterBackupRestoration (0ms)
Platform modules already initialized, skipping
Registering precompiled user dll's ...
Registered in 0.004261 seconds.
Begin MonoManager ReloadAssembly
Native extension for WindowsStandalone target not found
Native extension for OSXStandalone target not found
Native extension for WebGL target not found
Refreshing native plugins compatible for Editor in 47.57 ms, found 3 plugins.
Preloading 0 native plugins for Editor in 0.00 ms.
Mono: successfully reloaded assembly
- Completed reload, in  1.430 seconds
Domain Reload Profiling:
	ReloadAssembly (1431ms)
		BeginReloadAssembly (166ms)
			ExecutionOrderSort (0ms)
			DisableScriptedObjects (5ms)
			BackupInstance (0ms)
			ReleaseScriptingObjects (0ms)
			CreateAndSetChildDomain (18ms)
		EndReloadAssembly (1203ms)
			LoadAssemblies (120ms)
			RebuildTransferFunctionScriptingTraits (0ms)
			SetupTypeCache (363ms)
			ReleaseScriptCaches (0ms)
			RebuildScriptCaches (54ms)
			SetupLoadedEditorAssemblies (539ms)
				LogAssemblyErrors (0ms)
				InitializePlatformSupportModulesInManaged (6ms)
				SetLoadedEditorAssemblies (0ms)
				RefreshPlugins (48ms)
				BeforeProcessingInitializeOnLoad (72ms)
				ProcessInitializeOnLoadAttributes (395ms)
				ProcessInitializeOnLoadMethodAttributes (15ms)
				AfterProcessingInitializeOnLoad (3ms)
				EditorAssembliesLoaded (0ms)
			ExecutionOrderSort2 (0ms)
			AwakeInstancesAfterBackupRestoration (8ms)
Platform modules already initialized, skipping
========================================================================
Worker process is ready to serve import requests
Launched and connected shader compiler UnityShaderCompiler.exe after 0.05 seconds
Refreshing native plugins compatible for Editor in 0.48 ms, found 3 plugins.
Preloading 0 native plugins for Editor in 0.00 ms.
Unloading 2127 Unused Serialized files (Serialized files now loaded: 0)
System memory in use before: 95.4 MB.
System memory in use after: 95.5 MB.

Unloading 29 unused Assets to reduce memory usage. Loaded Objects now: 2570.
Total: 3.504400 ms (FindLiveObjects: 0.221100 ms CreateObjectMapping: 0.105200 ms MarkObjects: 3.112800 ms  DeleteObjects: 0.064200 ms)

AssetImportParameters requested are different than current active one (requested -> active):
  custom:framework-win-MediaFoundation: 216162199b28c13a410421893ffa2e32 -> 
  custom:video-decoder-ogg-theora: a1e56fd34408186e4bbccfd4996cb3dc -> 
  custom:container-muxer-webm: aa71ff27fc2769a1b78a27578f13a17b -> 
  custom:container-demuxer-webm: 4f35f7cbe854078d1ac9338744f61a02 -> 
  custom:container-demuxer-ogg: 62fdf1f143b41e24485cea50d1cbac27 -> 
  custom:video-encoder-webm-vp8: eb34c28f22e8b96e1ab97ce403110664 -> 
  custom:video-codec-MediaFoundation-h265: 746d11721c4dcdbdad8f713fa42b33f4 -> 
  custom:video-decoder-webm-vp8: 9c59270c3fd7afecdb556c50c9e8de78 -> 
  custom:audio-decoder-ogg-vorbis: bf7c407c2cedff20999df2af8eb42d56 -> 
  custom:audio-encoder-webm-vorbis: bf7c407c2cedff20999df2af8eb42d56 -> 
========================================================================
Received Import Request.
  path: Assets/Sprites
  artifactKey: Guid(2085780c74702e149a1c348dfa7ab958) Importer(815301076,1909f56bfc062723c751e8b465ee728b)
Start importing Assets/Sprites using Guid(2085780c74702e149a1c348dfa7ab958) Importer(815301076,1909f56bfc062723c751e8b465ee728b)  -> (artifact id: 'a7194d31b6c5a237680d2f9b78316168') in 0.005268 seconds 
  Import took 0.008845 seconds .

========================================================================
Received Import Request.
  Time since last request: 0.000235 seconds.
  path: Assets/Sprites/playerSprites.psd
  artifactKey: Guid(fae45467b3b8e4c5596817befaf0d82b) Importer(815301076,1909f56bfc062723c751e8b465ee728b)
Start importing Assets/Sprites/playerSprites.psd using Guid(fae45467b3b8e4c5596817befaf0d82b) Importer(815301076,1909f56bfc062723c751e8b465ee728b)  -> (artifact id: 'a51c954ebf8d82b97678eed002b423b7') in 0.123817 seconds 
  Import took 0.127376 seconds .

========================================================================
Received Import Request.
  Time since last request: 4.732916 seconds.
  path: Assets/Sprites/character
  artifactKey: Guid(36a673a2464bfec4f8e63a5dfc805c1b) Importer(815301076,1909f56bfc062723c751e8b465ee728b)
Start importing Assets/Sprites/character using Guid(36a673a2464bfec4f8e63a5dfc805c1b) Importer(815301076,1909f56bfc062723c751e8b465ee728b)  -> (artifact id: 'e92f0781a5a13569b29e64f28cc63843') in 0.001844 seconds 
  Import took 0.005091 seconds .

========================================================================
Received Import Request.
  Time since last request: 0.069478 seconds.
  path: Assets/Sprites/character/character_0000_attack.png
  artifactKey: Guid(b1b7f602d6d6c45bc9bfb8a5d7934b5a) Importer(815301076,1909f56bfc062723c751e8b465ee728b)
Start importing Assets/Sprites/character/character_0000_attack.png using Guid(b1b7f602d6d6c45bc9bfb8a5d7934b5a) Importer(815301076,1909f56bfc062723c751e8b465ee728b)  -> (artifact id: '9a4c409eda3271662e6e642793c18119') in 0.055001 seconds 
  Import took 0.058084 seconds .

========================================================================
Received Import Request.
  Time since last request: 0.000194 seconds.
  path: Assets/Sprites/character/character_0002_run_1.png
  artifactKey: Guid(db05f9ac9564f4fe1b46008a57ff17e4) Importer(815301076,1909f56bfc062723c751e8b465ee728b)
Start importing Assets/Sprites/character/character_0002_run_1.png using Guid(db05f9ac9564f4fe1b46008a57ff17e4) Importer(815301076,1909f56bfc062723c751e8b465ee728b)  -> (artifact id: '9e693cfccc1b328f6c715f004fca27e4') in 0.010356 seconds 
  Import took 0.013708 seconds .

========================================================================
Received Import Request.
  Time since last request: 0.000316 seconds.
  path: Assets/Sprites/character/charLeft__0004_walk_1.png
  artifactKey: Guid(9c7a11ceef61f4aaeab664ba9577f4c4) Importer(815301076,1909f56bfc062723c751e8b465ee728b)
Start importing Assets/Sprites/character/charLeft__0004_walk_1.png using Guid(9c7a11ceef61f4aaeab664ba9577f4c4) Importer(815301076,1909f56bfc062723c751e8b465ee728b)  -> (artifact id: 'f8fc13d6c6bf90a372bcd8ec28864432') in 0.012028 seconds 
  Import took 0.015994 seconds .

========================================================================
Received Import Request.
  Time since last request: 0.000248 seconds.
  path: Assets/Sprites/character/charLeft__0000_attack.png
  artifactKey: Guid(2cf7ca5f16a7249aaaaa21e5300614a4) Importer(815301076,1909f56bfc062723c751e8b465ee728b)
Start importing Assets/Sprites/character/charLeft__0000_attack.png using Guid(2cf7ca5f16a7249aaaaa21e5300614a4) Importer(815301076,1909f56bfc062723c751e8b465ee728b)  -> (artifact id: '6cde1ba5bbea9813da7e39edc3bdcb62') in 0.010578 seconds 
  Import took 0.014192 seconds .

========================================================================
Received Import Request.
  Time since last request: 0.000202 seconds.
  path: Assets/Sprites/character/character_0004_walk_1.png
  artifactKey: Guid(ab0453df2b38c4027971931c9ec8617f) Importer(815301076,1909f56bfc062723c751e8b465ee728b)
Start importing Assets/Sprites/character/character_0004_walk_1.png using Guid(ab0453df2b38c4027971931c9ec8617f) Importer(815301076,1909f56bfc062723c751e8b465ee728b)  -> (artifact id: '10cb5d32bf24559db57c5ca7164baa39') in 0.013657 seconds 
  Import took 0.017014 seconds .

========================================================================
Received Import Request.
  Time since last request: 0.000233 seconds.
  path: Assets/Sprites/character/character_0003_walk_2.png
  artifactKey: Guid(cc97bbcae978941a6bb4a36394327bb2) Importer(815301076,1909f56bfc062723c751e8b465ee728b)
Start importing Assets/Sprites/character/character_0003_walk_2.png using Guid(cc97bbcae978941a6bb4a36394327bb2) Importer(815301076,1909f56bfc062723c751e8b465ee728b)  -> (artifact id: 'bcb6430a383e498c16af60a53584292e') in 0.009145 seconds 
  Import took 0.012445 seconds .

========================================================================
Received Import Request.
  Time since last request: 0.000195 seconds.
  path: Assets/Sprites/character/charLeft__0001_run_2.png
  artifactKey: Guid(8b4a6f52ee01441f6bf9933ce3772990) Importer(815301076,1909f56bfc062723c751e8b465ee728b)
Start importing Assets/Sprites/character/charLeft__0001_run_2.png using Guid(8b4a6f52ee01441f6bf9933ce3772990) Importer(815301076,1909f56bfc062723c751e8b465ee728b)  -> (artifact id: '2f5e17396f13ee387517fbe4cbe6d941') in 0.014488 seconds 
  Import took 0.017895 seconds .

========================================================================
Received Import Request.
  Time since last request: 0.000259 seconds.
  path: Assets/Sprites/character/charLeft__0003_walk_2.png
  artifactKey: Guid(37e103a7d870a4299bb76aab447a3cfc) Importer(815301076,1909f56bfc062723c751e8b465ee728b)
Start importing Assets/Sprites/character/charLeft__0003_walk_2.png using Guid(37e103a7d870a4299bb76aab447a3cfc) Importer(815301076,1909f56bfc062723c751e8b465ee728b)  -> (artifact id: '17f951f17e355b0d6ba3a16d944c46e8') in 0.014525 seconds 
  Import took 0.017568 seconds .

========================================================================
Received Import Request.
  Time since last request: 0.000247 seconds.
  path: Assets/Sprites/character/charLeft__0002_run_1.png
  artifactKey: Guid(fb3900381b2e44b30a2bbaf89856d54c) Importer(815301076,1909f56bfc062723c751e8b465ee728b)
Start importing Assets/Sprites/character/charLeft__0002_run_1.png using Guid(fb3900381b2e44b30a2bbaf89856d54c) Importer(815301076,1909f56bfc062723c751e8b465ee728b)  -> (artifact id: '57c606b62c6675af5e7f38154f172c96') in 0.009364 seconds 
  Import took 0.013399 seconds .

========================================================================
Received Import Request.
  Time since last request: 0.000342 seconds.
  path: Assets/Sprites/character/character_0001_run_2.png
  artifactKey: Guid(77e0af619c46d4c47aafcfa841a4c71e) Importer(815301076,1909f56bfc062723c751e8b465ee728b)
Start importing Assets/Sprites/character/character_0001_run_2.png using Guid(77e0af619c46d4c47aafcfa841a4c71e) Importer(815301076,1909f56bfc062723c751e8b465ee728b)  -> (artifact id: '6c104bbbe6b7d1603edc34e1dd421aea') in 0.010534 seconds 
  Import took 0.013743 seconds .

========================================================================
Received Import Request.
  Time since last request: 0.000286 seconds.
  path: Assets/Sprites/character/character_0005_idle.png
  artifactKey: Guid(a3338928121de45c4a151e1ead75ad23) Importer(815301076,1909f56bfc062723c751e8b465ee728b)
Start importing Assets/Sprites/character/character_0005_idle.png using Guid(a3338928121de45c4a151e1ead75ad23) Importer(815301076,1909f56bfc062723c751e8b465ee728b)  -> (artifact id: 'b85787b9d58487d71ac39ad068351662') in 0.013183 seconds 
  Import took 0.016237 seconds .

========================================================================
Received Import Request.
  Time since last request: 5.735843 seconds.
  path: Assets/Sprite/FinalMock.png
  artifactKey: Guid(32067f22db54cb644af7da5e948ae73a) Importer(815301076,1909f56bfc062723c751e8b465ee728b)
Start importing Assets/Sprite/FinalMock.png using Guid(32067f22db54cb644af7da5e948ae73a) Importer(815301076,1909f56bfc062723c751e8b465ee728b)  -> (artifact id: 'd5a43d721ed0f20ddf1f2b8fce73a86a') in 0.017016 seconds 
  Import took 0.020656 seconds .

========================================================================
Received Import Request.
  Time since last request: 0.000222 seconds.
  path: Assets/Sprite/WalkLeft.png
  artifactKey: Guid(ace6830526ea6ea4f99b9087fa7e2665) Importer(815301076,1909f56bfc062723c751e8b465ee728b)
Start importing Assets/Sprite/WalkLeft.png using Guid(ace6830526ea6ea4f99b9087fa7e2665) Importer(815301076,1909f56bfc062723c751e8b465ee728b)  -> (artifact id: 'd182ccad232d6ab933b1e2f37d0a9950') in 0.068103 seconds 
  Import took 0.072730 seconds .

========================================================================
Received Import Request.
  Time since last request: 0.000318 seconds.
  path: Assets/Sprite/WAVE0006.png
  artifactKey: Guid(29fbbe194a9a80e4485fd62660d48a09) Importer(815301076,1909f56bfc062723c751e8b465ee728b)
Start importing Assets/Sprite/WAVE0006.png using Guid(29fbbe194a9a80e4485fd62660d48a09) Importer(815301076,1909f56bfc062723c751e8b465ee728b)  -> (artifact id: '3cb9f80e63ffa9e015436c38b599b8a0') in 0.028913 seconds 
  Import took 0.033556 seconds .

========================================================================
Received Import Request.
  Time since last request: 0.000294 seconds.
  path: Assets/Sprite/WAVE0001.png
  artifactKey: Guid(8c118e56634ac50409a26cf2b4a17acb) Importer(815301076,1909f56bfc062723c751e8b465ee728b)
Start importing Assets/Sprite/WAVE0001.png using Guid(8c118e56634ac50409a26cf2b4a17acb) Importer(815301076,1909f56bfc062723c751e8b465ee728b)  -> (artifact id: '31272c63261bc3e63fc428d1bb25fb93') in 0.014980 seconds 
  Import took 0.018664 seconds .

========================================================================
Received Import Request.
  Time since last request: 0.000316 seconds.
  path: Assets/Sprite/WAVE0004.png
  artifactKey: Guid(987a0713bc4931b47996a043acfa2768) Importer(815301076,1909f56bfc062723c751e8b465ee728b)
Start importing Assets/Sprite/WAVE0004.png using Guid(987a0713bc4931b47996a043acfa2768) Importer(815301076,1909f56bfc062723c751e8b465ee728b)  -> (artifact id: '9a2b303af5a7b19d33b026634b79d372') in 0.017085 seconds 
  Import took 0.021482 seconds .

========================================================================
Received Import Request.
  Time since last request: 0.000282 seconds.
  path: Assets/Sprite/WAVE0002.png
  artifactKey: Guid(97f912881a4ad5a4982dfbe6f9dd0729) Importer(815301076,1909f56bfc062723c751e8b465ee728b)
Start importing Assets/Sprite/WAVE0002.png using Guid(97f912881a4ad5a4982dfbe6f9dd0729) Importer(815301076,1909f56bfc062723c751e8b465ee728b)  -> (artifact id: '46ad2aa37b74a3a01cd1898298f71a15') in 0.016770 seconds 
  Import took 0.020727 seconds .

========================================================================
Received Import Request.
  Time since last request: 0.000238 seconds.
  path: Assets/Sprite/WalkBack.png
  artifactKey: Guid(3472e5cf29abfc84aa98f0867d730de6) Importer(815301076,1909f56bfc062723c751e8b465ee728b)
Start importing Assets/Sprite/WalkBack.png using Guid(3472e5cf29abfc84aa98f0867d730de6) Importer(815301076,1909f56bfc062723c751e8b465ee728b)  -> (artifact id: '4d7e120b57797b41338f19e64b526888') in 0.051254 seconds 
  Import took 0.055119 seconds .

========================================================================
Received Import Request.
  Time since last request: 0.000160 seconds.
  path: Assets/Sprite/WAVE0005.png
  artifactKey: Guid(d12ca7d1cb1a0744e989cc8a14aeb0c4) Importer(815301076,1909f56bfc062723c751e8b465ee728b)
Start importing Assets/Sprite/WAVE0005.png using Guid(d12ca7d1cb1a0744e989cc8a14aeb0c4) Importer(815301076,1909f56bfc062723c751e8b465ee728b)  -> (artifact id: '98fb5cae2ec1672d14d3a291eddb9186') in 0.020952 seconds 
  Import took 0.024710 seconds .

========================================================================
Received Import Request.
  Time since last request: 0.000255 seconds.
  path: Assets/Sprite/WAVE0003.png
  artifactKey: Guid(5347fbd1deb68f4459be3afeac24f985) Importer(815301076,1909f56bfc062723c751e8b465ee728b)
Start importing Assets/Sprite/WAVE0003.png using Guid(5347fbd1deb68f4459be3afeac24f985) Importer(815301076,1909f56bfc062723c751e8b465ee728b)  -> (artifact id: 'aaa98f90dbf5e9f52baf1a82e3d9ae0f') in 0.013616 seconds 
  Import took 0.018419 seconds .

========================================================================
Received Import Request.
  Time since last request: 0.000226 seconds.
  path: Assets/Sprite/Walkfront.png
  artifactKey: Guid(8a110063bc36da944be194686f26b201) Importer(815301076,1909f56bfc062723c751e8b465ee728b)
Start importing Assets/Sprite/Walkfront.png using Guid(8a110063bc36da944be194686f26b201) Importer(815301076,1909f56bfc062723c751e8b465ee728b)  -> (artifact id: 'b82ccd0e40ea891c348abea7bf4f19f0') in 0.043126 seconds 
  Import took 0.047091 seconds .

========================================================================
Received Import Request.
  Time since last request: 1511.001494 seconds.
  path: Assets/Sprite/WAVE0007.png
  artifactKey: Guid(17e12a6f9533fd24a8d9e3f8453f7cde) Importer(815301076,1909f56bfc062723c751e8b465ee728b)
Start importing Assets/Sprite/WAVE0007.png using Guid(17e12a6f9533fd24a8d9e3f8453f7cde) Importer(815301076,1909f56bfc062723c751e8b465ee728b)  -> (artifact id: 'ca9f3871868bf03eb9b7318d22d8d0c7') in 0.018103 seconds 
  Import took 0.024948 seconds .

========================================================================
Received Import Request.
  Time since last request: 0.000296 seconds.
  path: Assets/Sprite/WAVE0008.png
  artifactKey: Guid(daaf41661e03f624e807df8ba0de1bd0) Importer(815301076,1909f56bfc062723c751e8b465ee728b)
Start importing Assets/Sprite/WAVE0008.png using Guid(daaf41661e03f624e807df8ba0de1bd0) Importer(815301076,1909f56bfc062723c751e8b465ee728b)  -> (artifact id: '36b3486ff1f5d3808b63f2bd8533802f') in 0.018869 seconds 
  Import took 0.024408 seconds .

========================================================================
Received Import Request.
  Time since last request: 0.000416 seconds.
  path: Assets/Sprite/WAVE0009.png
  artifactKey: Guid(faa0f63ad581de5429a4d0c5048b8d83) Importer(815301076,1909f56bfc062723c751e8b465ee728b)
Start importing Assets/Sprite/WAVE0009.png using Guid(faa0f63ad581de5429a4d0c5048b8d83) Importer(815301076,1909f56bfc062723c751e8b465ee728b)  -> (artifact id: '55cec8868cbf11acbe41e649a0e00335') in 0.020454 seconds 
  Import took 0.026531 seconds .

========================================================================
Received Prepare
Registering precompiled user dll's ...
Registered in 0.006358 seconds.
Begin MonoManager ReloadAssembly
Native extension for WindowsStandalone target not found
Native extension for OSXStandalone target not found
Native extension for WebGL target not found
Refreshing native plugins compatible for Editor in 0.43 ms, found 3 plugins.
Preloading 0 native plugins for Editor in 0.00 ms.
Mono: successfully reloaded assembly
- Completed reload, in  1.070 seconds
Domain Reload Profiling:
	ReloadAssembly (1070ms)
		BeginReloadAssembly (137ms)
			ExecutionOrderSort (0ms)
			DisableScriptedObjects (6ms)
			BackupInstance (0ms)
			ReleaseScriptingObjects (0ms)
			CreateAndSetChildDomain (36ms)
		EndReloadAssembly (879ms)
			LoadAssemblies (109ms)
			RebuildTransferFunctionScriptingTraits (0ms)
			SetupTypeCache (287ms)
			ReleaseScriptCaches (1ms)
			RebuildScriptCaches (40ms)
			SetupLoadedEditorAssemblies (365ms)
				LogAssemblyErrors (0ms)
				InitializePlatformSupportModulesInManaged (6ms)
				SetLoadedEditorAssemblies (0ms)
				RefreshPlugins (0ms)
				BeforeProcessingInitializeOnLoad (50ms)
				ProcessInitializeOnLoadAttributes (300ms)
				ProcessInitializeOnLoadMethodAttributes (5ms)
				AfterProcessingInitializeOnLoad (2ms)
				EditorAssembliesLoaded (0ms)
			ExecutionOrderSort2 (0ms)
			AwakeInstancesAfterBackupRestoration (10ms)
Platform modules already initialized, skipping
Refreshing native plugins compatible for Editor in 0.43 ms, found 3 plugins.
Preloading 0 native plugins for Editor in 0.00 ms.
Unloading 2116 Unused Serialized files (Serialized files now loaded: 0)
System memory in use before: 97.8 MB.
System memory in use after: 97.9 MB.

Unloading 17 unused Assets to reduce memory usage. Loaded Objects now: 2598.
Total: 3.046700 ms (FindLiveObjects: 0.196300 ms CreateObjectMapping: 0.079700 ms MarkObjects: 2.754800 ms  DeleteObjects: 0.015100 ms)

AssetImportParameters requested are different than current active one (requested -> active):
  custom:framework-win-MediaFoundation: 216162199b28c13a410421893ffa2e32 -> 
  custom:video-decoder-ogg-theora: a1e56fd34408186e4bbccfd4996cb3dc -> 
  custom:container-muxer-webm: aa71ff27fc2769a1b78a27578f13a17b -> 
  custom:container-demuxer-webm: 4f35f7cbe854078d1ac9338744f61a02 -> 
  custom:container-demuxer-ogg: 62fdf1f143b41e24485cea50d1cbac27 -> 
  custom:video-encoder-webm-vp8: eb34c28f22e8b96e1ab97ce403110664 -> 
  custom:video-codec-MediaFoundation-h265: 746d11721c4dcdbdad8f713fa42b33f4 -> 
  custom:video-decoder-webm-vp8: 9c59270c3fd7afecdb556c50c9e8de78 -> 
  custom:audio-decoder-ogg-vorbis: bf7c407c2cedff20999df2af8eb42d56 -> 
  custom:audio-encoder-webm-vorbis: bf7c407c2cedff20999df2af8eb42d56 -> 
AssetImportWorkerClient::OnTransportError - code=2 error=End of file
